This file contains any messages produced by compilers while
running configure, to aid debugging if configure makes a mistake.

It was created by libseccomp configure 2.3.1, which was
generated by GNU Autoconf 2.69.  Invocation command line was

  $ ./configure --build=x86_64-redhat-linux-gnu --host=x86_64-redhat-linux-gnu --program-prefix= --disable-dependency-tracking --prefix=/usr --exec-prefix=/usr --bindir=/usr/bin --sbindir=/usr/sbin --sysconfdir=/etc --datadir=/usr/share --includedir=/usr/include --libdir=/usr/lib64 --libexecdir=/usr/libexec --localstatedir=/var --sharedstatedir=/var/lib --mandir=/usr/share/man --infodir=/usr/share/info

## --------- ##
## Platform. ##
## --------- ##

hostname = localhost.localdomain
uname -m = x86_64
uname -r = 3.10.0-957.el7.x86_64
uname -s = Linux
uname -v = #1 SMP Thu Nov 8 23:39:32 UTC 2018

/usr/bin/uname -p = x86_64
/bin/uname -X     = unknown

/bin/arch              = x86_64
/usr/bin/arch -k       = unknown
/usr/convex/getsysinfo = unknown
/usr/bin/hostinfo      = unknown
/bin/machine           = unknown
/usr/bin/oslevel       = unknown
/bin/universe          = unknown

PATH: /usr/local/bin
PATH: /usr/bin
PATH: /usr/local/sbin
PATH: /usr/sbin
PATH: /home/gshe/.local/bin
PATH: /home/gshe/bin
PATH: /home/gshe/.local/bin
PATH: /home/gshe/bin


## ----------- ##
## Core tests. ##
## ----------- ##

configure:2185: checking for a BSD-compatible install
configure:2253: result: /usr/bin/install -c
configure:2264: checking whether build environment is sane
configure:2319: result: yes
configure:2470: checking for a thread-safe mkdir -p
configure:2509: result: /usr/bin/mkdir -p
configure:2516: checking for gawk
configure:2532: found /usr/bin/gawk
configure:2543: result: gawk
configure:2554: checking whether make sets $(MAKE)
configure:2576: result: yes
configure:2605: checking whether make supports nested variables
configure:2622: result: yes
configure:2701: checking how to create a pax tar archive
configure:2712: tar --version
tar (GNU tar) 1.26
Copyright (C) 2011 Free Software Foundation, Inc.
License GPLv3+: GNU GPL version 3 or later <http://gnu.org/licenses/gpl.html>.
This is free software: you are free to change and redistribute it.
There is NO WARRANTY, to the extent permitted by law.

Written by John Gilmore and Jay Fenlason.
configure:2715: $? = 0
configure:2755: tardir=conftest.dir && eval tar --format=posix -chf - "$tardir" >conftest.tar
configure:2758: $? = 0
configure:2762: tar -xf - <conftest.tar
configure:2765: $? = 0
configure:2767: cat conftest.dir/file
GrepMe
configure:2770: $? = 0
configure:2783: result: gnutar
configure:2841: checking for x86_64-redhat-linux-gnu-gcc
configure:2871: result: no
configure:2881: checking for gcc
configure:2897: found /usr/bin/gcc
configure:2908: result: gcc
configure:3137: checking for C compiler version
configure:3146: gcc --version >&5
gcc (GCC) 4.8.5 20150623 (Red Hat 4.8.5-36)
Copyright (C) 2015 Free Software Foundation, Inc.
This is free software; see the source for copying conditions.  There is NO
warranty; not even for MERCHANTABILITY or FITNESS FOR A PARTICULAR PURPOSE.

configure:3157: $? = 0
configure:3146: gcc -v >&5
Using built-in specs.
COLLECT_GCC=gcc
COLLECT_LTO_WRAPPER=/usr/libexec/gcc/x86_64-redhat-linux/4.8.5/lto-wrapper
Target: x86_64-redhat-linux
Configured with: ../configure --prefix=/usr --mandir=/usr/share/man --infodir=/usr/share/info --with-bugurl=http://bugzilla.redhat.com/bugzilla --enable-bootstrap --enable-shared --enable-threads=posix --enable-checking=release --with-system-zlib --enable-__cxa_atexit --disable-libunwind-exceptions --enable-gnu-unique-object --enable-linker-build-id --with-linker-hash-style=gnu --enable-languages=c,c++,objc,obj-c++,java,fortran,ada,go,lto --enable-plugin --enable-initfini-array --disable-libgcj --with-isl=/builddir/build/BUILD/gcc-4.8.5-20150702/obj-x86_64-redhat-linux/isl-install --with-cloog=/builddir/build/BUILD/gcc-4.8.5-20150702/obj-x86_64-redhat-linux/cloog-install --enable-gnu-indirect-function --with-tune=generic --with-arch_32=x86-64 --build=x86_64-redhat-linux
Thread model: posix
gcc version 4.8.5 20150623 (Red Hat 4.8.5-36) (GCC) 
configure:3157: $? = 0
configure:3146: gcc -V >&5
gcc: error: unrecognized command line option '-V'
gcc: fatal error: no input files
compilation terminated.
configure:3157: $? = 4
configure:3146: gcc -qversion >&5
gcc: error: unrecognized command line option '-qversion'
gcc: fatal error: no input files
compilation terminated.
configure:3157: $? = 4
configure:3177: checking whether the C compiler works
configure:3199: gcc -O2 -g -pipe -Wall -Wp,-D_FORTIFY_SOURCE=2 -fexceptions -fstack-protector-strong --param=ssp-buffer-size=4 -grecord-gcc-switches   -m64 -mtune=generic  -Wl,-z,relro  conftest.c  >&5
configure:3203: $? = 0
configure:3251: result: yes
configure:3254: checking for C compiler default output file name
configure:3256: result: a.out
configure:3262: checking for suffix of executables
configure:3269: gcc -o conftest -O2 -g -pipe -Wall -Wp,-D_FORTIFY_SOURCE=2 -fexceptions -fstack-protector-strong --param=ssp-buffer-size=4 -grecord-gcc-switches   -m64 -mtune=generic  -Wl,-z,relro  conftest.c  >&5
configure:3273: $? = 0
configure:3295: result: 
configure:3317: checking whether we are cross compiling
configure:3325: gcc -o conftest -O2 -g -pipe -Wall -Wp,-D_FORTIFY_SOURCE=2 -fexceptions -fstack-protector-strong --param=ssp-buffer-size=4 -grecord-gcc-switches   -m64 -mtune=generic  -Wl,-z,relro  conftest.c  >&5
configure:3329: $? = 0
configure:3336: ./conftest
configure:3340: $? = 0
configure:3355: result: no
configure:3360: checking for suffix of object files
configure:3382: gcc -c -O2 -g -pipe -Wall -Wp,-D_FORTIFY_SOURCE=2 -fexceptions -fstack-protector-strong --param=ssp-buffer-size=4 -grecord-gcc-switches   -m64 -mtune=generic  conftest.c >&5
configure:3386: $? = 0
configure:3407: result: o
configure:3411: checking whether we are using the GNU C compiler
configure:3430: gcc -c -O2 -g -pipe -Wall -Wp,-D_FORTIFY_SOURCE=2 -fexceptions -fstack-protector-strong --param=ssp-buffer-size=4 -grecord-gcc-switches   -m64 -mtune=generic  conftest.c >&5
configure:3430: $? = 0
configure:3439: result: yes
configure:3448: checking whether gcc accepts -g
configure:3468: gcc -c -g  conftest.c >&5
configure:3468: $? = 0
configure:3509: result: yes
configure:3526: checking for gcc option to accept ISO C89
configure:3589: gcc  -c -O2 -g -pipe -Wall -Wp,-D_FORTIFY_SOURCE=2 -fexceptions -fstack-protector-strong --param=ssp-buffer-size=4 -grecord-gcc-switches   -m64 -mtune=generic  conftest.c >&5
configure:3589: $? = 0
configure:3602: result: none needed
configure:3627: checking whether gcc understands -c and -o together
configure:3649: gcc -c conftest.c -o conftest2.o
configure:3652: $? = 0
configure:3649: gcc -c conftest.c -o conftest2.o
configure:3652: $? = 0
configure:3664: result: yes
configure:3692: checking for style of include used by make
configure:3720: result: GNU
configure:3746: checking dependency style of gcc
configure:3857: result: none
configure:3879: checking for x86_64-redhat-linux-gnu-ar
configure:3909: result: no
configure:3879: checking for x86_64-redhat-linux-gnu-lib
configure:3909: result: no
configure:3879: checking for x86_64-redhat-linux-gnu-link
configure:3909: result: no
configure:3923: checking for ar
configure:3939: found /usr/bin/ar
configure:3950: result: ar
configure:3976: checking the archiver (ar) interface
configure:3992: gcc -c -O2 -g -pipe -Wall -Wp,-D_FORTIFY_SOURCE=2 -fexceptions -fstack-protector-strong --param=ssp-buffer-size=4 -grecord-gcc-switches   -m64 -mtune=generic  conftest.c >&5
configure:3992: $? = 0
configure:3994: ar cru libconftest.a conftest.o >&5
configure:3997: $? = 0
configure:4025: result: ar
configure:4075: checking build system type
configure:4089: result: x86_64-redhat-linux-gnu
configure:4109: checking host system type
configure:4122: result: x86_64-redhat-linux-gnu
configure:4163: checking how to print strings
configure:4190: result: printf
configure:4211: checking for a sed that does not truncate output
configure:4275: result: /usr/bin/sed
configure:4293: checking for grep that handles long lines and -e
configure:4351: result: /usr/bin/grep
configure:4356: checking for egrep
configure:4418: result: /usr/bin/grep -E
configure:4423: checking for fgrep
configure:4485: result: /usr/bin/grep -F
configure:4520: checking for ld used by gcc
configure:4587: result: /usr/bin/ld
configure:4594: checking if the linker (/usr/bin/ld) is GNU ld
configure:4609: result: yes
configure:4621: checking for BSD- or MS-compatible name lister (nm)
configure:4675: result: /usr/bin/nm -B
configure:4805: checking the name lister (/usr/bin/nm -B) interface
configure:4812: gcc -c -O2 -g -pipe -Wall -Wp,-D_FORTIFY_SOURCE=2 -fexceptions -fstack-protector-strong --param=ssp-buffer-size=4 -grecord-gcc-switches   -m64 -mtune=generic  conftest.c >&5
configure:4815: /usr/bin/nm -B "conftest.o"
configure:4818: output
0000000000000000 B some_variable
configure:4825: result: BSD nm
configure:4828: checking whether ln -s works
configure:4832: result: yes
configure:4840: checking the maximum length of command line arguments
configure:4971: result: 1572864
configure:5019: checking how to convert x86_64-redhat-linux-gnu file names to x86_64-redhat-linux-gnu format
configure:5059: result: func_convert_file_noop
configure:5066: checking how to convert x86_64-redhat-linux-gnu file names to toolchain format
configure:5086: result: func_convert_file_noop
configure:5093: checking for /usr/bin/ld option to reload object files
configure:5100: result: -r
configure:5134: checking for x86_64-redhat-linux-gnu-objdump
configure:5164: result: no
configure:5174: checking for objdump
configure:5190: found /usr/bin/objdump
configure:5201: result: objdump
configure:5233: checking how to recognize dependent libraries
configure:5433: result: pass_all
configure:5478: checking for x86_64-redhat-linux-gnu-dlltool
configure:5508: result: no
configure:5518: checking for dlltool
configure:5548: result: no
configure:5578: checking how to associate runtime and link libraries
configure:5605: result: printf %s\n
configure:5621: checking for x86_64-redhat-linux-gnu-ar
configure:5648: result: ar
configure:5729: checking for archiver @FILE support
configure:5746: gcc -c -O2 -g -pipe -Wall -Wp,-D_FORTIFY_SOURCE=2 -fexceptions -fstack-protector-strong --param=ssp-buffer-size=4 -grecord-gcc-switches   -m64 -mtune=generic  conftest.c >&5
configure:5746: $? = 0
configure:5749: ar cru libconftest.a @conftest.lst >&5
configure:5752: $? = 0
configure:5757: ar cru libconftest.a @conftest.lst >&5
ar: conftest.o: No such file or directory
configure:5760: $? = 1
configure:5772: result: @
configure:5790: checking for x86_64-redhat-linux-gnu-strip
configure:5820: result: no
configure:5830: checking for strip
configure:5846: found /usr/bin/strip
configure:5857: result: strip
configure:5889: checking for x86_64-redhat-linux-gnu-ranlib
configure:5919: result: no
configure:5929: checking for ranlib
configure:5945: found /usr/bin/ranlib
configure:5956: result: ranlib
configure:6058: checking command to parse /usr/bin/nm -B output from gcc object
configure:6211: gcc -c -O2 -g -pipe -Wall -Wp,-D_FORTIFY_SOURCE=2 -fexceptions -fstack-protector-strong --param=ssp-buffer-size=4 -grecord-gcc-switches   -m64 -mtune=generic  conftest.c >&5
configure:6214: $? = 0
configure:6218: /usr/bin/nm -B conftest.o \| sed -n -e 's/^.*[ ]\([ABCDGIRSTW][ABCDGIRSTW]*\)[ ][ ]*\([_A-Za-z][_A-Za-z0-9]*\)$/\1 \2 \2/p' | sed '/ __gnu_lto/d' \> conftest.nm
configure:6221: $? = 0
configure:6287: gcc -o conftest -O2 -g -pipe -Wall -Wp,-D_FORTIFY_SOURCE=2 -fexceptions -fstack-protector-strong --param=ssp-buffer-size=4 -grecord-gcc-switches   -m64 -mtune=generic  -Wl,-z,relro  conftest.c conftstm.o >&5
configure:6290: $? = 0
configure:6328: result: ok
configure:6375: checking for sysroot
configure:6405: result: no
configure:6412: checking for a working dd
configure:6450: result: /usr/bin/dd
configure:6454: checking how to truncate binary pipes
configure:6469: result: /usr/bin/dd bs=4096 count=1
configure:6605: gcc -c -O2 -g -pipe -Wall -Wp,-D_FORTIFY_SOURCE=2 -fexceptions -fstack-protector-strong --param=ssp-buffer-size=4 -grecord-gcc-switches   -m64 -mtune=generic  conftest.c >&5
configure:6608: $? = 0
configure:6758: checking for x86_64-redhat-linux-gnu-mt
configure:6788: result: no
configure:6798: checking for mt
configure:6828: result: no
configure:6848: checking if : is a manifest tool
configure:6854: : '-?'
configure:6862: result: no
configure:7539: checking how to run the C preprocessor
configure:7570: gcc -E  conftest.c
configure:7570: $? = 0
configure:7584: gcc -E  conftest.c
conftest.c:11:28: fatal error: ac_nonexistent.h: No such file or directory
 #include <ac_nonexistent.h>
                            ^
compilation terminated.
configure:7584: $? = 1
configure: failed program was:
| /* confdefs.h */
| #define PACKAGE_NAME "libseccomp"
| #define PACKAGE_TARNAME "libseccomp"
| #define PACKAGE_VERSION "2.3.1"
| #define PACKAGE_STRING "libseccomp 2.3.1"
| #define PACKAGE_BUGREPORT ""
| #define PACKAGE_URL ""
| #define PACKAGE "libseccomp"
| #define VERSION "2.3.1"
| /* end confdefs.h.  */
| #include <ac_nonexistent.h>
configure:7609: result: gcc -E
configure:7629: gcc -E  conftest.c
configure:7629: $? = 0
configure:7643: gcc -E  conftest.c
conftest.c:11:28: fatal error: ac_nonexistent.h: No such file or directory
 #include <ac_nonexistent.h>
                            ^
compilation terminated.
configure:7643: $? = 1
configure: failed program was:
| /* confdefs.h */
| #define PACKAGE_NAME "libseccomp"
| #define PACKAGE_TARNAME "libseccomp"
| #define PACKAGE_VERSION "2.3.1"
| #define PACKAGE_STRING "libseccomp 2.3.1"
| #define PACKAGE_BUGREPORT ""
| #define PACKAGE_URL ""
| #define PACKAGE "libseccomp"
| #define VERSION "2.3.1"
| /* end confdefs.h.  */
| #include <ac_nonexistent.h>
configure:7672: checking for ANSI C header files
configure:7692: gcc -c -O2 -g -pipe -Wall -Wp,-D_FORTIFY_SOURCE=2 -fexceptions -fstack-protector-strong --param=ssp-buffer-size=4 -grecord-gcc-switches   -m64 -mtune=generic  conftest.c >&5
configure:7692: $? = 0
configure:7765: gcc -o conftest -O2 -g -pipe -Wall -Wp,-D_FORTIFY_SOURCE=2 -fexceptions -fstack-protector-strong --param=ssp-buffer-size=4 -grecord-gcc-switches   -m64 -mtune=generic  -Wl,-z,relro  conftest.c  >&5
configure:7765: $? = 0
configure:7765: ./conftest
configure:7765: $? = 0
configure:7776: result: yes
configure:7789: checking for sys/types.h
configure:7789: gcc -c -O2 -g -pipe -Wall -Wp,-D_FORTIFY_SOURCE=2 -fexceptions -fstack-protector-strong --param=ssp-buffer-size=4 -grecord-gcc-switches   -m64 -mtune=generic  conftest.c >&5
configure:7789: $? = 0
configure:7789: result: yes
configure:7789: checking for sys/stat.h
configure:7789: gcc -c -O2 -g -pipe -Wall -Wp,-D_FORTIFY_SOURCE=2 -fexceptions -fstack-protector-strong --param=ssp-buffer-size=4 -grecord-gcc-switches   -m64 -mtune=generic  conftest.c >&5
configure:7789: $? = 0
configure:7789: result: yes
configure:7789: checking for stdlib.h
configure:7789: gcc -c -O2 -g -pipe -Wall -Wp,-D_FORTIFY_SOURCE=2 -fexceptions -fstack-protector-strong --param=ssp-buffer-size=4 -grecord-gcc-switches   -m64 -mtune=generic  conftest.c >&5
configure:7789: $? = 0
configure:7789: result: yes
configure:7789: checking for string.h
configure:7789: gcc -c -O2 -g -pipe -Wall -Wp,-D_FORTIFY_SOURCE=2 -fexceptions -fstack-protector-strong --param=ssp-buffer-size=4 -grecord-gcc-switches   -m64 -mtune=generic  conftest.c >&5
configure:7789: $? = 0
configure:7789: result: yes
configure:7789: checking for memory.h
configure:7789: gcc -c -O2 -g -pipe -Wall -Wp,-D_FORTIFY_SOURCE=2 -fexceptions -fstack-protector-strong --param=ssp-buffer-size=4 -grecord-gcc-switches   -m64 -mtune=generic  conftest.c >&5
configure:7789: $? = 0
configure:7789: result: yes
configure:7789: checking for strings.h
configure:7789: gcc -c -O2 -g -pipe -Wall -Wp,-D_FORTIFY_SOURCE=2 -fexceptions -fstack-protector-strong --param=ssp-buffer-size=4 -grecord-gcc-switches   -m64 -mtune=generic  conftest.c >&5
configure:7789: $? = 0
configure:7789: result: yes
configure:7789: checking for inttypes.h
configure:7789: gcc -c -O2 -g -pipe -Wall -Wp,-D_FORTIFY_SOURCE=2 -fexceptions -fstack-protector-strong --param=ssp-buffer-size=4 -grecord-gcc-switches   -m64 -mtune=generic  conftest.c >&5
configure:7789: $? = 0
configure:7789: result: yes
configure:7789: checking for stdint.h
configure:7789: gcc -c -O2 -g -pipe -Wall -Wp,-D_FORTIFY_SOURCE=2 -fexceptions -fstack-protector-strong --param=ssp-buffer-size=4 -grecord-gcc-switches   -m64 -mtune=generic  conftest.c >&5
configure:7789: $? = 0
configure:7789: result: yes
configure:7789: checking for unistd.h
configure:7789: gcc -c -O2 -g -pipe -Wall -Wp,-D_FORTIFY_SOURCE=2 -fexceptions -fstack-protector-strong --param=ssp-buffer-size=4 -grecord-gcc-switches   -m64 -mtune=generic  conftest.c >&5
configure:7789: $? = 0
configure:7789: result: yes
configure:7803: checking for dlfcn.h
configure:7803: gcc -c -O2 -g -pipe -Wall -Wp,-D_FORTIFY_SOURCE=2 -fexceptions -fstack-protector-strong --param=ssp-buffer-size=4 -grecord-gcc-switches   -m64 -mtune=generic  conftest.c >&5
configure:7803: $? = 0
configure:7803: result: yes
configure:8057: checking for objdir
configure:8072: result: .libs
configure:8336: checking if gcc supports -fno-rtti -fno-exceptions
configure:8354: gcc -c -O2 -g -pipe -Wall -Wp,-D_FORTIFY_SOURCE=2 -fexceptions -fstack-protector-strong --param=ssp-buffer-size=4 -grecord-gcc-switches   -m64 -mtune=generic  -fno-rtti -fno-exceptions conftest.c >&5
cc1: warning: command line option '-fno-rtti' is valid for C++/ObjC++ but not for C [enabled by default]
configure:8358: $? = 0
configure:8371: result: no
configure:8729: checking for gcc option to produce PIC
configure:8736: result: -fPIC -DPIC
configure:8744: checking if gcc PIC flag -fPIC -DPIC works
configure:8762: gcc -c -O2 -g -pipe -Wall -Wp,-D_FORTIFY_SOURCE=2 -fexceptions -fstack-protector-strong --param=ssp-buffer-size=4 -grecord-gcc-switches   -m64 -mtune=generic  -fPIC -DPIC -DPIC conftest.c >&5
configure:8766: $? = 0
configure:8779: result: yes
configure:8808: checking if gcc static flag -static works
configure:8836: result: no
configure:8851: checking if gcc supports -c -o file.o
configure:8872: gcc -c -O2 -g -pipe -Wall -Wp,-D_FORTIFY_SOURCE=2 -fexceptions -fstack-protector-strong --param=ssp-buffer-size=4 -grecord-gcc-switches   -m64 -mtune=generic  -o out/conftest2.o conftest.c >&5
configure:8876: $? = 0
configure:8898: result: yes
configure:8906: checking if gcc supports -c -o file.o
configure:8953: result: yes
configure:8986: checking whether the gcc linker (/usr/bin/ld -m elf_x86_64) supports shared libraries
configure:10245: result: yes
configure:10282: checking whether -lc should be explicitly linked in
configure:10290: gcc -c -O2 -g -pipe -Wall -Wp,-D_FORTIFY_SOURCE=2 -fexceptions -fstack-protector-strong --param=ssp-buffer-size=4 -grecord-gcc-switches   -m64 -mtune=generic  conftest.c >&5
configure:10293: $? = 0
configure:10308: gcc -shared  -fPIC -DPIC conftest.o  -v -Wl,-soname -Wl,conftest -o conftest 2\>\&1 \| /usr/bin/grep  -lc  \>/dev/null 2\>\&1
configure:10311: $? = 0
configure:10325: result: no
configure:10485: checking dynamic linker characteristics
configure:11079: gcc -o conftest -O2 -g -pipe -Wall -Wp,-D_FORTIFY_SOURCE=2 -fexceptions -fstack-protector-strong --param=ssp-buffer-size=4 -grecord-gcc-switches   -m64 -mtune=generic  -Wl,-z,relro  -Wl,-rpath -Wl,/foo conftest.c  >&5
configure:11079: $? = 0
configure:11316: result: GNU/Linux ld.so
configure:11438: checking how to hardcode library paths into programs
configure:11463: result: immediate
configure:12011: checking whether stripping libraries is possible
configure:12016: result: yes
configure:12051: checking if libtool supports shared libraries
configure:12053: result: yes
configure:12056: checking whether to build shared libraries
configure:12081: result: yes
configure:12084: checking whether to build static libraries
configure:12088: result: yes
configure:12137: checking whether make supports nested variables
configure:12154: result: yes
configure:12179: checking for linux/seccomp.h
configure:12179: gcc -c -O2 -g -pipe -Wall -Wp,-D_FORTIFY_SOURCE=2 -fexceptions -fstack-protector-strong --param=ssp-buffer-size=4 -grecord-gcc-switches   -m64 -mtune=generic  conftest.c >&5
configure:12179: $? = 0
configure:12179: result: yes
configure:12203: checking for cython
configure:12231: result: no
configure:12283: checking for cov-build
configure:12311: result: no
configure:12443: checking that generated files are newer than configure
configure:12449: result: done
configure:12480: creating ./config.status

## ---------------------- ##
## Running config.status. ##
## ---------------------- ##

This file was extended by libseccomp config.status 2.3.1, which was
generated by GNU Autoconf 2.69.  Invocation command line was

  CONFIG_FILES    = 
  CONFIG_HEADERS  = 
  CONFIG_LINKS    = 
  CONFIG_COMMANDS = 
  $ ./config.status 

on localhost.localdomain

config.status:1106: creating libseccomp.pc
config.status:1106: creating include/seccomp.h
config.status:1106: creating Makefile
config.status:1106: creating include/Makefile
config.status:1106: creating src/Makefile
config.status:1106: creating src/python/Makefile
config.status:1106: creating tools/Makefile
config.status:1106: creating tests/Makefile
config.status:1106: creating doc/Makefile
config.status:1106: creating configure.h
config.status:1287: configure.h is unchanged
config.status:1335: executing depfiles commands
config.status:1335: executing libtool commands

## ---------------- ##
## Cache variables. ##
## ---------------- ##

ac_cv_build=x86_64-redhat-linux-gnu
ac_cv_c_compiler_gnu=yes
ac_cv_env_CC_set=
ac_cv_env_CC_value=
ac_cv_env_CFLAGS_set=set
ac_cv_env_CFLAGS_value='-O2 -g -pipe -Wall -Wp,-D_FORTIFY_SOURCE=2 -fexceptions -fstack-protector-strong --param=ssp-buffer-size=4 -grecord-gcc-switches   -m64 -mtune=generic'
ac_cv_env_CPPFLAGS_set=
ac_cv_env_CPPFLAGS_value=
ac_cv_env_CPP_set=
ac_cv_env_CPP_value=
ac_cv_env_LDFLAGS_set=set
ac_cv_env_LDFLAGS_value='-Wl,-z,relro '
ac_cv_env_LIBS_set=
ac_cv_env_LIBS_value=
ac_cv_env_LT_SYS_LIBRARY_PATH_set=
ac_cv_env_LT_SYS_LIBRARY_PATH_value=
ac_cv_env_build_alias_set=set
ac_cv_env_build_alias_value=x86_64-redhat-linux-gnu
ac_cv_env_host_alias_set=set
ac_cv_env_host_alias_value=x86_64-redhat-linux-gnu
ac_cv_env_target_alias_set=
ac_cv_env_target_alias_value=
ac_cv_header_dlfcn_h=yes
ac_cv_header_inttypes_h=yes
ac_cv_header_linux_seccomp_h=yes
ac_cv_header_memory_h=yes
ac_cv_header_stdc=yes
ac_cv_header_stdint_h=yes
ac_cv_header_stdlib_h=yes
ac_cv_header_string_h=yes
ac_cv_header_strings_h=yes
ac_cv_header_sys_stat_h=yes
ac_cv_header_sys_types_h=yes
ac_cv_header_unistd_h=yes
ac_cv_host=x86_64-redhat-linux-gnu
ac_cv_objext=o
ac_cv_path_EGREP='/usr/bin/grep -E'
ac_cv_path_FGREP='/usr/bin/grep -F'
ac_cv_path_GREP=/usr/bin/grep
ac_cv_path_SED=/usr/bin/sed
ac_cv_path_install='/usr/bin/install -c'
ac_cv_path_lt_DD=/usr/bin/dd
ac_cv_path_mkdir=/usr/bin/mkdir
ac_cv_prog_AR=ar
ac_cv_prog_AWK=gawk
ac_cv_prog_CPP='gcc -E'
ac_cv_prog_ac_ct_AR=ar
ac_cv_prog_ac_ct_CC=gcc
ac_cv_prog_ac_ct_OBJDUMP=objdump
ac_cv_prog_ac_ct_RANLIB=ranlib
ac_cv_prog_ac_ct_STRIP=strip
ac_cv_prog_cc_c89=
ac_cv_prog_cc_g=yes
ac_cv_prog_have_coverity=no
ac_cv_prog_have_cython=no
ac_cv_prog_make_make_set=yes
am_cv_CC_dependencies_compiler_type=none
am_cv_ar_interface=ar
am_cv_make_support_nested_variables=yes
am_cv_prog_cc_c_o=yes
am_cv_prog_tar_pax=gnutar
lt_cv_ar_at_file=@
lt_cv_archive_cmds_need_lc=no
lt_cv_deplibs_check_method=pass_all
lt_cv_file_magic_cmd='$MAGIC_CMD'
lt_cv_file_magic_test_file=
lt_cv_ld_reload_flag=-r
lt_cv_nm_interface='BSD nm'
lt_cv_objdir=.libs
lt_cv_path_LD=/usr/bin/ld
lt_cv_path_NM='/usr/bin/nm -B'
lt_cv_path_mainfest_tool=no
lt_cv_prog_compiler_c_o=yes
lt_cv_prog_compiler_pic='-fPIC -DPIC'
lt_cv_prog_compiler_pic_works=yes
lt_cv_prog_compiler_rtti_exceptions=no
lt_cv_prog_compiler_static_works=no
lt_cv_prog_gnu_ld=yes
lt_cv_sharedlib_from_linklib_cmd='printf %s\n'
lt_cv_shlibpath_overrides_runpath=no
lt_cv_sys_global_symbol_pipe='sed -n -e '\''s/^.*[	 ]\([ABCDGIRSTW][ABCDGIRSTW]*\)[	 ][	 ]*\([_A-Za-z][_A-Za-z0-9]*\)$/\1 \2 \2/p'\'' | sed '\''/ __gnu_lto/d'\'''
lt_cv_sys_global_symbol_to_c_name_address='sed -n -e '\''s/^: \(.*\) .*$/  {"\1", (void *) 0},/p'\'' -e '\''s/^[ABCDGIRSTW][ABCDGIRSTW]* .* \(.*\)$/  {"\1", (void *) \&\1},/p'\'''
lt_cv_sys_global_symbol_to_c_name_address_lib_prefix='sed -n -e '\''s/^: \(.*\) .*$/  {"\1", (void *) 0},/p'\'' -e '\''s/^[ABCDGIRSTW][ABCDGIRSTW]* .* \(lib.*\)$/  {"\1", (void *) \&\1},/p'\'' -e '\''s/^[ABCDGIRSTW][ABCDGIRSTW]* .* \(.*\)$/  {"lib\1", (void *) \&\1},/p'\'''
lt_cv_sys_global_symbol_to_cdecl='sed -n -e '\''s/^T .* \(.*\)$/extern int \1();/p'\'' -e '\''s/^[ABCDGIRSTW][ABCDGIRSTW]* .* \(.*\)$/extern char \1;/p'\'''
lt_cv_sys_global_symbol_to_import=
lt_cv_sys_max_cmd_len=1572864
lt_cv_to_host_file_cmd=func_convert_file_noop
lt_cv_to_tool_file_cmd=func_convert_file_noop
lt_cv_truncate_bin='/usr/bin/dd bs=4096 count=1'

## ----------------- ##
## Output variables. ##
## ----------------- ##

ACLOCAL='${SHELL} /home/gshe/rpmbuild/BUILD/libseccomp-2.3.1/build-aux/missing aclocal-1.14'
AMDEPBACKSLASH=''
AMDEP_FALSE=''
AMDEP_TRUE='#'
AMTAR='$${TAR-tar}'
AM_BACKSLASH='\'
AM_CFLAGS='-Wall'
AM_CPPFLAGS='-I${top_srcdir}/include'
AM_DEFAULT_V='$(AM_DEFAULT_VERBOSITY)'
AM_DEFAULT_VERBOSITY='0'
AM_LDFLAGS='-Wl,-z -Wl,relro'
AM_V='$(V)'
AR='ar'
AUTOCONF='${SHELL} /home/gshe/rpmbuild/BUILD/libseccomp-2.3.1/build-aux/missing autoconf'
AUTOHEADER='${SHELL} /home/gshe/rpmbuild/BUILD/libseccomp-2.3.1/build-aux/missing autoheader'
AUTOMAKE='${SHELL} /home/gshe/rpmbuild/BUILD/libseccomp-2.3.1/build-aux/missing automake-1.14'
AWK='gawk'
CC='gcc'
CCDEPMODE='depmode=none'
CFLAGS='-O2 -g -pipe -Wall -Wp,-D_FORTIFY_SOURCE=2 -fexceptions -fstack-protector-strong --param=ssp-buffer-size=4 -grecord-gcc-switches   -m64 -mtune=generic'
COVERITY_FALSE=''
COVERITY_TRUE='#'
CPP='gcc -E'
CPPFLAGS=''
CYGPATH_W='echo'
DEFS='-DHAVE_CONFIG_H'
DEPDIR='.deps'
DLLTOOL='false'
DSYMUTIL=''
DUMPBIN=''
ECHO_C=''
ECHO_N='-n'
ECHO_T=''
EGREP='/usr/bin/grep -E'
ENABLE_PYTHON_FALSE=''
ENABLE_PYTHON_TRUE='#'
EXEEXT=''
FGREP='/usr/bin/grep -F'
GREP='/usr/bin/grep'
INSTALL_DATA='${INSTALL} -m 644'
INSTALL_PROGRAM='${INSTALL}'
INSTALL_SCRIPT='${INSTALL}'
INSTALL_STRIP_PROGRAM='$(install_sh) -c -s'
LD='/usr/bin/ld -m elf_x86_64'
LDFLAGS='-Wl,-z,relro '
LIBOBJS=''
LIBS=''
LIBTOOL='$(SHELL) $(top_builddir)/libtool'
LIPO=''
LN_S='ln -s'
LTLIBOBJS=''
LT_SYS_LIBRARY_PATH=''
MAKEINFO='${SHELL} /home/gshe/rpmbuild/BUILD/libseccomp-2.3.1/build-aux/missing makeinfo'
MANIFEST_TOOL=':'
MKDIR_P='/usr/bin/mkdir -p'
NM='/usr/bin/nm -B'
NMEDIT=''
OBJDUMP='objdump'
OBJEXT='o'
OTOOL64=''
OTOOL=''
PACKAGE='libseccomp'
PACKAGE_BUGREPORT=''
PACKAGE_NAME='libseccomp'
PACKAGE_STRING='libseccomp 2.3.1'
PACKAGE_TARNAME='libseccomp'
PACKAGE_URL=''
PACKAGE_VERSION='2.3.1'
PATH_SEPARATOR=':'
RANLIB='ranlib'
SED='/usr/bin/sed'
SET_MAKE=''
SHELL='/bin/sh'
STRIP='strip'
VERSION='2.3.1'
VERSION_MAJOR='2'
VERSION_MICRO='1'
VERSION_MINOR='3'
ac_ct_AR='ar'
ac_ct_CC='gcc'
ac_ct_DUMPBIN=''
am__EXEEXT_FALSE=''
am__EXEEXT_TRUE='#'
am__fastdepCC_FALSE=''
am__fastdepCC_TRUE='#'
am__include='include'
am__isrc=''
am__leading_dot='.'
am__nodep=''
am__quote=''
am__tar='tar --format=posix -chf - "$$tardir"'
am__untar='tar -xf -'
bindir='/usr/bin'
build='x86_64-redhat-linux-gnu'
build_alias='x86_64-redhat-linux-gnu'
build_cpu='x86_64'
build_os='linux-gnu'
build_vendor='redhat'
datadir='/usr/share'
datarootdir='${prefix}/share'
docdir='${datarootdir}/doc/${PACKAGE_TARNAME}'
dvidir='${docdir}'
exec_prefix='/usr'
have_coverity='no'
have_cython='no'
host='x86_64-redhat-linux-gnu'
host_alias='x86_64-redhat-linux-gnu'
host_cpu='x86_64'
host_os='linux-gnu'
host_vendor='redhat'
htmldir='${docdir}'
includedir='/usr/include'
infodir='/usr/share/info'
install_sh='${SHELL} /home/gshe/rpmbuild/BUILD/libseccomp-2.3.1/build-aux/install-sh'
libdir='/usr/lib64'
libexecdir='/usr/libexec'
localedir='${datarootdir}/locale'
localstatedir='/var'
mandir='/usr/share/man'
mkdir_p='$(MKDIR_P)'
oldincludedir='/usr/include'
pdfdir='${docdir}'
prefix='/usr'
program_transform_name='s&^&&'
psdir='${docdir}'
sbindir='/usr/sbin'
sharedstatedir='/var/lib'
sysconfdir='/etc'
target_alias=''

## ----------- ##
## confdefs.h. ##
## ----------- ##

/* confdefs.h */
#define PACKAGE_NAME "libseccomp"
#define PACKAGE_TARNAME "libseccomp"
#define PACKAGE_VERSION "2.3.1"
#define PACKAGE_STRING "libseccomp 2.3.1"
#define PACKAGE_BUGREPORT ""
#define PACKAGE_URL ""
#define PACKAGE "libseccomp"
#define VERSION "2.3.1"
#define STDC_HEADERS 1
#define HAVE_SYS_TYPES_H 1
#define HAVE_SYS_STAT_H 1
#define HAVE_STDLIB_H 1
#define HAVE_STRING_H 1
#define HAVE_MEMORY_H 1
#define HAVE_STRINGS_H 1
#define HAVE_INTTYPES_H 1
#define HAVE_STDINT_H 1
#define HAVE_UNISTD_H 1
#define HAVE_DLFCN_H 1
#define LT_OBJDIR ".libs/"
#define HAVE_LINUX_SECCOMP_H 1
#define ENABLE_PYTHON 0

configure: exit 0
